<?xml version="1.0" encoding="UTF-8"?>
<!-- Generated by org.testng.reporters.JUnitXMLReporter -->
<testsuite hostname="DESKTOP-8FP5O0L" failures="0" tests="3" name="StandAloneTest2" time="64.058" errors="0" timestamp="23 Mar 2024 12:44:57 GMT">
  <testcase classname="SeleniumFrameworkDesign.StandAloneTest2" name="submitOrder" time="14.271"/>
  <testcase classname="SeleniumFrameworkDesign.StandAloneTest2" name="submitOrder" time="13.026"/>
  <testcase classname="SeleniumFrameworkDesign.StandAloneTest2" name="orderhistory" time="0.772"/>
</testsuite> <!-- StandAloneTest2 -->
