<?xml version="1.0" encoding="UTF-8"?>
<!-- Generated by org.testng.reporters.JUnitXMLReporter -->
<testsuite ignored="1" hostname="DESKTOP-54DFGDU" failures="0" tests="2" name="StandAloneTest2" time="48.471" errors="0" timestamp="2024-02-08T00:55:38 IST">
  <testcase classname="SeleniumFrameworkDesign.StandAloneTest2" name="submitOrder" time="13.732"/>
  <testcase classname="SeleniumFrameworkDesign.StandAloneTest2" name="submitOrder" time="14.034"/>
  <testcase classname="SeleniumFrameworkDesign.StandAloneTest2" name="orderhistory" time="0.0">
    <ignored/>
  </testcase> <!-- orderhistory -->
</testsuite> <!-- StandAloneTest2 -->
