<?xml version="1.0" encoding="UTF-8"?>
<testng-results ignored="0" total="2" passed="2" failed="0" skipped="0">
  <reporter-output>
  </reporter-output>
  <suite started-at="2024-02-08T00:54:50 IST" name="Suite" finished-at="2024-02-08T00:55:38 IST" duration-ms="48471">
    <groups>
      <group name="Purchase">
        <method signature="StandAloneTest2.submitOrder(java.util.HashMap)[pri:0, instance:SeleniumFrameworkDesign.StandAloneTest2@750e2b97]" name="submitOrder" class="SeleniumFrameworkDesign.StandAloneTest2"/>
      </group> <!-- Purchase -->
    </groups>
    <test started-at="2024-02-08T00:54:50 IST" name="Error Validatios Tests" finished-at="2024-02-08T00:54:50 IST" duration-ms="22">
    </test> <!-- Error Validatios Tests -->
    <test started-at="2024-02-08T00:54:50 IST" name="StandAloneTest2" finished-at="2024-02-08T00:55:38 IST" duration-ms="48471">
      <class name="SeleniumFrameworkDesign.StandAloneTest2">
        <test-method is-config="true" signature="launchApplication()[pri:0, instance:SeleniumFrameworkDesign.StandAloneTest2@750e2b97]" started-at="2024-02-08T00:54:50 IST" name="launchApplication" finished-at="2024-02-08T00:54:59 IST" duration-ms="8938" status="PASS">
          <reporter-output>
          </reporter-output>
        </test-method> <!-- launchApplication -->
        <test-method signature="submitOrder(java.util.HashMap)[pri:0, instance:SeleniumFrameworkDesign.StandAloneTest2@750e2b97]" started-at="2024-02-08T00:54:59 IST" name="submitOrder" data-provider="getData" finished-at="2024-02-08T00:55:13 IST" duration-ms="13732" status="PASS">
          <params>
            <param index="0">
              <value>
                <![CDATA[{productname=ZARA COAT 3, email=AarviDehuri@gmail.com, Password=Aarvi@6481}]]>
              </value>
            </param>
          </params>
          <reporter-output>
          </reporter-output>
        </test-method> <!-- submitOrder -->
        <test-method is-config="true" signature="TearDown()[pri:0, instance:SeleniumFrameworkDesign.StandAloneTest2@750e2b97]" started-at="2024-02-08T00:55:13 IST" name="TearDown" finished-at="2024-02-08T00:55:13 IST" duration-ms="437" status="PASS">
          <reporter-output>
          </reporter-output>
        </test-method> <!-- TearDown -->
        <test-method is-config="true" signature="launchApplication()[pri:0, instance:SeleniumFrameworkDesign.StandAloneTest2@750e2b97]" started-at="2024-02-08T00:55:13 IST" name="launchApplication" finished-at="2024-02-08T00:55:24 IST" duration-ms="10758" status="PASS">
          <reporter-output>
          </reporter-output>
        </test-method> <!-- launchApplication -->
        <test-method signature="submitOrder(java.util.HashMap)[pri:0, instance:SeleniumFrameworkDesign.StandAloneTest2@750e2b97]" started-at="2024-02-08T00:55:24 IST" name="submitOrder" data-provider="getData" finished-at="2024-02-08T00:55:38 IST" duration-ms="14034" status="PASS">
          <params>
            <param index="0">
              <value>
                <![CDATA[{productname=ADIDAS ORIGINAL, email=xyz06448@gmail.com, Password=Aarvi@6481}]]>
              </value>
            </param>
          </params>
          <reporter-output>
          </reporter-output>
        </test-method> <!-- submitOrder -->
        <test-method is-config="true" signature="TearDown()[pri:0, instance:SeleniumFrameworkDesign.StandAloneTest2@750e2b97]" started-at="2024-02-08T00:55:38 IST" name="TearDown" finished-at="2024-02-08T00:55:38 IST" duration-ms="104" status="PASS">
          <reporter-output>
          </reporter-output>
        </test-method> <!-- TearDown -->
      </class> <!-- SeleniumFrameworkDesign.StandAloneTest2 -->
    </test> <!-- StandAloneTest2 -->
  </suite> <!-- Suite -->
</testng-results>
